#
# There is insufficient memory for the Java Runtime Environment to continue.
# Native memory allocation (malloc) failed to allocate 1035568 bytes for Chunk::new
# Possible reasons:
#   The system is out of physical RAM or swap space
#   The process is running with CompressedOops enabled, and the Java Heap may be blocking the growth of the native heap
# Possible solutions:
#   Reduce memory load on the system
#   Increase physical memory or swap space
#   Check if swap backing store is full
#   Decrease Java heap size (-Xmx/-Xms)
#   Decrease number of Java threads
#   Decrease Java thread stack sizes (-Xss)
#   Set larger code cache with -XX:ReservedCodeCacheSize=
#   JVM is running with Zero Based Compressed Oops mode in which the Java heap is
#     placed in the first 32GB address space. The Java Heap base address is the
#     maximum limit for the native heap growth. Please use -XX:HeapBaseMinAddress
#     to set the Java Heap base and to place the Java Heap above 32GB virtual address.
# This output file may be truncated or incomplete.
#
#  Out of Memory Error (allocation.cpp:389), pid=9508, tid=0x00000000000026fc
#
# JRE version: Java(TM) SE Runtime Environment (8.0_211-b12) (build 1.8.0_211-b12)
# Java VM: Java HotSpot(TM) 64-Bit Server VM (25.211-b12 mixed mode windows-amd64 compressed oops)
# Failed to write core dump. Minidumps are not enabled by default on client versions of Windows
#

---------------  T H R E A D  ---------------

Current thread (0x000000001d8b3800):  JavaThread "C2 CompilerThread0" daemon [_thread_in_native, id=9980, stack(0x000000001e380000,0x000000001e480000)]

Stack: [0x000000001e380000,0x000000001e480000]
[error occurred during error reporting (printing stack bounds), id 0xc0000005]

Native frames: (J=compiled Java code, j=interpreted, Vv=VM code, C=native code)


Current CompileTask:
C2:  24756 9774       4       org.hibernate.validator.internal.util.TypeHelper::resolveTypes (246 bytes)


---------------  P R O C E S S  ---------------

Java Threads: ( => current thread )
  0x00000000220b7800 JavaThread "HikariPool-2 connection adder" daemon [_thread_blocked, id=1008, stack(0x00000000210a0000,0x00000000211a0000)]
  0x00000000220b8000 JavaThread "HikariPool-2 housekeeper" daemon [_thread_blocked, id=10424, stack(0x0000000020b70000,0x0000000020c70000)]
  0x00000000243ff800 JavaThread "HikariPool-1 housekeeper" daemon [_thread_blocked, id=7876, stack(0x000000001f950000,0x000000001fa50000)]
  0x000000001df37000 JavaThread "ReaderThread" [_thread_in_native, id=16552, stack(0x000000001f850000,0x000000001f950000)]
  0x000000001d88f800 JavaThread "Service Thread" daemon [_thread_blocked, id=10312, stack(0x000000001e680000,0x000000001e780000)]
  0x000000001d8fd000 JavaThread "C1 CompilerThread2" daemon [_thread_blocked, id=3496, stack(0x000000001e580000,0x000000001e680000)]
  0x000000001d8d5800 JavaThread "C2 CompilerThread1" daemon [_thread_in_native, id=9180, stack(0x000000001e480000,0x000000001e580000)]
=>0x000000001d8b3800 JavaThread "C2 CompilerThread0" daemon [_thread_in_native, id=9980, stack(0x000000001e380000,0x000000001e480000)]
  0x000000001d7fa800 JavaThread "org.jacoco.agent.rt.internal_1f1cc91.output.TcpClientOutput" daemon [_thread_in_native, id=4648, stack(0x000000001e280000,0x000000001e380000)]
  0x000000001bcf8800 JavaThread "Attach Listener" daemon [_thread_blocked, id=14176, stack(0x000000001d240000,0x000000001d340000)]
  0x000000001bcf5800 JavaThread "Signal Dispatcher" daemon [_thread_blocked, id=6480, stack(0x000000001d140000,0x000000001d240000)]
  0x000000001bcdf800 JavaThread "Finalizer" daemon [_thread_blocked, id=6452, stack(0x000000001cf40000,0x000000001d040000)]
  0x00000000025e9000 JavaThread "Reference Handler" daemon [_thread_blocked, id=1848, stack(0x000000001ce40000,0x000000001cf40000)]
  0x00000000024f3800 JavaThread "main" [_thread_in_Java, id=10480, stack(0x0000000002340000,0x0000000002440000)]

Other Threads:
  0x000000001bcb8000 VMThread [stack: 0x000000001cd40000,0x000000001ce40000] [id=6040]
  0x000000001d8fa800 WatcherThread [stack: 0x000000001e780000,0x000000001e880000] [id=2744]

VM state:not at safepoint (normal execution)

VM Mutex/Monitor currently owned by a thread: None

heap address: 0x00000006c1600000, size: 4074 MB, Compressed Oops mode: Zero based, Oop shift amount: 3
Narrow klass base: 0x0000000000000000, Narrow klass shift: 3
Compressed class space size: 1073741824 Address: 0x00000007c0000000

Heap:
 PSYoungGen      total 423424K, used 54622K [0x000000076b200000, 0x0000000789e00000, 0x00000007c0000000)
  eden space 408064K, 9% used [0x000000076b200000,0x000000076d858710,0x0000000784080000)
  from space 15360K, 99% used [0x0000000784080000,0x0000000784f7f310,0x0000000784f80000)
  to   space 17408K, 0% used [0x0000000788d00000,0x0000000788d00000,0x0000000789e00000)
 ParOldGen       total 199168K, used 31604K [0x00000006c1600000, 0x00000006cd880000, 0x000000076b200000)
  object space 199168K, 15% used [0x00000006c1600000,0x00000006c34dd1b0,0x00000006cd880000)
 Metaspace       used 73949K, capacity 77128K, committed 77312K, reserved 1118208K
  class space    used 8913K, capacity 9445K, committed 9472K, reserved 1048576K

Card table byte_map: [0x0000000011ab0000,0x00000000122b0000] byte_map_base: 0x000000000e4a5000

Marking Bits: (ParMarkBitMap*) 0x0000000061285ce0
 Begin Bits: [0x0000000012c00000, 0x0000000016ba8000)
 End Bits:   [0x0000000016ba8000, 0x000000001ab50000)

Polling page: 0x00000000001e0000

CodeCache: size=245760Kb used=30963Kb max_used=30963Kb free=214796Kb
 bounds [0x00000000026f0000, 0x0000000004570000, 0x00000000116f0000]
 total_blobs=8729 nmethods=8157 adapters=483
 compilation: enabled

Compilation events (10 events):
Event: 24.749 Thread 0x000000001d8fd000 9858       2       org.h2.command.Parser::readColumnIdentifier (119 bytes)
Event: 24.750 Thread 0x000000001d8fd000 nmethod 9858 0x0000000003a0ff90 code [0x0000000003a10160, 0x0000000003a105b8]
Event: 24.750 Thread 0x000000001d8fd000 9859       2       org.h2.expression.ExpressionColumn::mapColumns (457 bytes)
Event: 24.752 Thread 0x000000001d8fd000 nmethod 9859 0x0000000002a2d190 code [0x0000000002a2d4a0, 0x0000000002a2e3b8]
Event: 24.752 Thread 0x000000001d8fd000 9860       2       org.h2.jdbc.JdbcResultSet::mapColumn (59 bytes)
Event: 24.753 Thread 0x000000001d8fd000 nmethod 9860 0x0000000003a0f750 code [0x0000000003a0f8e0, 0x0000000003a0fc68]
Event: 24.753 Thread 0x000000001d8fd000 9861       2       java.util.Calendar::isSet (15 bytes)
Event: 24.753 Thread 0x000000001d8fd000 nmethod 9861 0x0000000003a0f390 code [0x0000000003a0f4e0, 0x0000000003a0f670]
Event: 24.753 Thread 0x000000001d8fd000 9862       2       org.h2.result.LocalResultImpl::next (139 bytes)
Event: 24.754 Thread 0x000000001d8fd000 nmethod 9862 0x0000000002a2c590 code [0x0000000002a2c760, 0x0000000002a2cc58]

GC Heap History (10 events):
Event: 11.230 GC heap before
{Heap before GC invocations=16 (full 3):
 PSYoungGen      total 277504K, used 3469K [0x000000076b200000, 0x0000000781e80000, 0x00000007c0000000)
  eden space 265728K, 0% used [0x000000076b200000,0x000000076b200000,0x000000077b580000)
  from space 11776K, 29% used [0x000000077b580000,0x000000077b8e3578,0x000000077c100000)
  to   space 11776K, 0% used [0x0000000781300000,0x0000000781300000,0x0000000781e80000)
 ParOldGen       total 147456K, used 22251K [0x00000006c1600000, 0x00000006ca600000, 0x000000076b200000)
  object space 147456K, 15% used [0x00000006c1600000,0x00000006c2bbafb0,0x00000006ca600000)
 Metaspace       used 57359K, capacity 58808K, committed 59160K, reserved 1101824K
  class space    used 7016K, capacity 7315K, committed 7424K, reserved 1048576K
Event: 11.373 GC heap after
Heap after GC invocations=16 (full 3):
 PSYoungGen      total 277504K, used 0K [0x000000076b200000, 0x0000000781e80000, 0x00000007c0000000)
  eden space 265728K, 0% used [0x000000076b200000,0x000000076b200000,0x000000077b580000)
  from space 11776K, 0% used [0x000000077b580000,0x000000077b580000,0x000000077c100000)
  to   space 11776K, 0% used [0x0000000781300000,0x0000000781300000,0x0000000781e80000)
 ParOldGen       total 199168K, used 19756K [0x00000006c1600000, 0x00000006cd880000, 0x000000076b200000)
  object space 199168K, 9% used [0x00000006c1600000,0x00000006c294b1b8,0x00000006cd880000)
 Metaspace       used 57359K, capacity 58808K, committed 59160K, reserved 1101824K
  class space    used 7016K, capacity 7315K, committed 7424K, reserved 1048576K
}
Event: 13.558 GC heap before
{Heap before GC invocations=17 (full 3):
 PSYoungGen      total 277504K, used 265728K [0x000000076b200000, 0x0000000781e80000, 0x00000007c0000000)
  eden space 265728K, 100% used [0x000000076b200000,0x000000077b580000,0x000000077b580000)
  from space 11776K, 0% used [0x000000077b580000,0x000000077b580000,0x000000077c100000)
  to   space 11776K, 0% used [0x0000000781300000,0x0000000781300000,0x0000000781e80000)
 ParOldGen       total 199168K, used 19756K [0x00000006c1600000, 0x00000006cd880000, 0x000000076b200000)
  object space 199168K, 9% used [0x00000006c1600000,0x00000006c294b1b8,0x00000006cd880000)
 Metaspace       used 64108K, capacity 66552K, committed 66816K, reserved 1107968K
  class space    used 7871K, capacity 8323K, committed 8448K, reserved 1048576K
Event: 13.574 GC heap after
Heap after GC invocations=17 (full 3):
 PSYoungGen      total 342528K, used 10600K [0x000000076b200000, 0x0000000781d80000, 0x00000007c0000000)
  eden space 331776K, 0% used [0x000000076b200000,0x000000076b200000,0x000000077f600000)
  from space 10752K, 98% used [0x0000000781300000,0x0000000781d5a380,0x0000000781d80000)
  to   space 12800K, 0% used [0x0000000780480000,0x0000000780480000,0x0000000781100000)
 ParOldGen       total 199168K, used 19764K [0x00000006c1600000, 0x00000006cd880000, 0x000000076b200000)
  object space 199168K, 9% used [0x00000006c1600000,0x00000006c294d1b8,0x00000006cd880000)
 Metaspace       used 64108K, capacity 66552K, committed 66816K, reserved 1107968K
  class space    used 7871K, capacity 8323K, committed 8448K, reserved 1048576K
}
Event: 16.810 GC heap before
{Heap before GC invocations=18 (full 3):
 PSYoungGen      total 342528K, used 342376K [0x000000076b200000, 0x0000000781d80000, 0x00000007c0000000)
  eden space 331776K, 100% used [0x000000076b200000,0x000000077f600000,0x000000077f600000)
  from space 10752K, 98% used [0x0000000781300000,0x0000000781d5a380,0x0000000781d80000)
  to   space 12800K, 0% used [0x0000000780480000,0x0000000780480000,0x0000000781100000)
 ParOldGen       total 199168K, used 19764K [0x00000006c1600000, 0x00000006cd880000, 0x000000076b200000)
  object space 199168K, 9% used [0x00000006c1600000,0x00000006c294d1b8,0x00000006cd880000)
 Metaspace       used 69899K, capacity 72734K, committed 72832K, reserved 1114112K
  class space    used 8596K, capacity 9088K, committed 9088K, reserved 1048576K
Event: 16.835 GC heap after
Heap after GC invocations=18 (full 3):
 PSYoungGen      total 359424K, used 12791K [0x000000076b200000, 0x0000000785e80000, 0x00000007c0000000)
  eden space 346624K, 0% used [0x000000076b200000,0x000000076b200000,0x0000000780480000)
  from space 12800K, 99% used [0x0000000780480000,0x00000007810fdce0,0x0000000781100000)
  to   space 15360K, 0% used [0x0000000784f80000,0x0000000784f80000,0x0000000785e80000)
 ParOldGen       total 199168K, used 22618K [0x00000006c1600000, 0x00000006cd880000, 0x000000076b200000)
  object space 199168K, 11% used [0x00000006c1600000,0x00000006c2c16ac0,0x00000006cd880000)
 Metaspace       used 69899K, capacity 72734K, committed 72832K, reserved 1114112K
  class space    used 8596K, capacity 9088K, committed 9088K, reserved 1048576K
}
Event: 20.140 GC heap before
{Heap before GC invocations=19 (full 3):
 PSYoungGen      total 359424K, used 359415K [0x000000076b200000, 0x0000000785e80000, 0x00000007c0000000)
  eden space 346624K, 100% used [0x000000076b200000,0x0000000780480000,0x0000000780480000)
  from space 12800K, 99% used [0x0000000780480000,0x00000007810fdce0,0x0000000781100000)
  to   space 15360K, 0% used [0x0000000784f80000,0x0000000784f80000,0x0000000785e80000)
 ParOldGen       total 199168K, used 22618K [0x00000006c1600000, 0x00000006cd880000, 0x000000076b200000)
  object space 199168K, 11% used [0x00000006c1600000,0x00000006c2c16ac0,0x00000006cd880000)
 Metaspace       used 72901K, capacity 76034K, committed 76288K, reserved 1116160K
  class space    used 8866K, capacity 9378K, committed 9472K, reserved 1048576K
Event: 20.193 GC heap after
Heap after GC invocations=19 (full 3):
 PSYoungGen      total 423424K, used 8645K [0x000000076b200000, 0x0000000787300000, 0x00000007c0000000)
  eden space 408064K, 0% used [0x000000076b200000,0x000000076b200000,0x0000000784080000)
  from space 15360K, 56% used [0x0000000784f80000,0x00000007857f15b0,0x0000000785e80000)
  to   space 15360K, 0% used [0x0000000784080000,0x0000000784080000,0x0000000784f80000)
 ParOldGen       total 199168K, used 31522K [0x00000006c1600000, 0x00000006cd880000, 0x000000076b200000)
  object space 199168K, 15% used [0x00000006c1600000,0x00000006c34c8a70,0x00000006cd880000)
 Metaspace       used 72901K, capacity 76034K, committed 76288K, reserved 1116160K
  class space    used 8866K, capacity 9378K, committed 9472K, reserved 1048576K
}
Event: 24.208 GC heap before
{Heap before GC invocations=20 (full 3):
 PSYoungGen      total 423424K, used 416709K [0x000000076b200000, 0x0000000787300000, 0x00000007c0000000)
  eden space 408064K, 100% used [0x000000076b200000,0x0000000784080000,0x0000000784080000)
  from space 15360K, 56% used [0x0000000784f80000,0x00000007857f15b0,0x0000000785e80000)
  to   space 15360K, 0% used [0x0000000784080000,0x0000000784080000,0x0000000784f80000)
 ParOldGen       total 199168K, used 31522K [0x00000006c1600000, 0x00000006cd880000, 0x000000076b200000)
  object space 199168K, 15% used [0x00000006c1600000,0x00000006c34c8a70,0x00000006cd880000)
 Metaspace       used 73887K, capacity 77110K, committed 77312K, reserved 1118208K
  class space    used 8909K, capacity 9442K, committed 9472K, reserved 1048576K
Event: 24.242 GC heap after
Heap after GC invocations=20 (full 3):
 PSYoungGen      total 423424K, used 15356K [0x000000076b200000, 0x0000000789e00000, 0x00000007c0000000)
  eden space 408064K, 0% used [0x000000076b200000,0x000000076b200000,0x0000000784080000)
  from space 15360K, 99% used [0x0000000784080000,0x0000000784f7f310,0x0000000784f80000)
  to   space 17408K, 0% used [0x0000000788d00000,0x0000000788d00000,0x0000000789e00000)
 ParOldGen       total 199168K, used 31604K [0x00000006c1600000, 0x00000006cd880000, 0x000000076b200000)
  object space 199168K, 15% used [0x00000006c1600000,0x00000006c34dd1b0,0x00000006cd880000)
 Metaspace       used 73887K, capacity 77110K, committed 77312K, reserved 1118208K
  class space    used 8909K, capacity 9442K, committed 9472K, reserved 1048576K
}

Deoptimization events (10 events):
Event: 22.949 Thread 0x00000000024f3800 Uncommon trap: reason=bimorphic action=maybe_recompile pc=0x000000000281a2f8 method=java.util.concurrent.ConcurrentHashMap.putVal(Ljava/lang/Object;Ljava/lang/Object;Z)Ljava/lang/Object; @ 192
Event: 22.949 Thread 0x00000000024f3800 Uncommon trap: reason=bimorphic action=maybe_recompile pc=0x000000000281a2f8 method=java.util.concurrent.ConcurrentHashMap.putVal(Ljava/lang/Object;Ljava/lang/Object;Z)Ljava/lang/Object; @ 192
Event: 22.977 Thread 0x00000000024f3800 Uncommon trap: reason=class_check action=maybe_recompile pc=0x000000000412e1c0 method=org.springframework.util.ReflectionUtils.doWithMethods(Ljava/lang/Class;Lorg/springframework/util/ReflectionUtils$MethodCallback;Lorg/springframework/util/ReflectionUtil
Event: 22.977 Thread 0x00000000024f3800 Uncommon trap: reason=class_check action=maybe_recompile pc=0x000000000412e1c0 method=org.springframework.util.ReflectionUtils.doWithMethods(Ljava/lang/Class;Lorg/springframework/util/ReflectionUtils$MethodCallback;Lorg/springframework/util/ReflectionUtil
Event: 22.978 Thread 0x00000000024f3800 Uncommon trap: reason=class_check action=maybe_recompile pc=0x000000000412e1c0 method=org.springframework.util.ReflectionUtils.doWithMethods(Ljava/lang/Class;Lorg/springframework/util/ReflectionUtils$MethodCallback;Lorg/springframework/util/ReflectionUtil
Event: 22.978 Thread 0x00000000024f3800 Uncommon trap: reason=class_check action=maybe_recompile pc=0x000000000412e1c0 method=org.springframework.util.ReflectionUtils.doWithMethods(Ljava/lang/Class;Lorg/springframework/util/ReflectionUtils$MethodCallback;Lorg/springframework/util/ReflectionUtil
Event: 23.328 Thread 0x00000000024f3800 Uncommon trap: reason=null_check action=make_not_entrant pc=0x0000000003bdf07c method=org.springframework.beans.ExtendedBeanInfo.isCandidateWriteMethod(Ljava/lang/reflect/Method;)Z @ 91
Event: 24.261 Thread 0x00000000024f3800 Uncommon trap: reason=unstable_if action=reinterpret pc=0x0000000003e9f140 method=org.springframework.util.ClassUtils.isAssignable(Ljava/lang/Class;Ljava/lang/Class;)Z @ 48
Event: 24.729 Thread 0x00000000024f3800 Uncommon trap: reason=class_check action=maybe_recompile pc=0x0000000003cff63c method=org.springframework.core.annotation.AnnotationUtils.getDeclaredAnnotations(Ljava/lang/reflect/AnnotatedElement;)[Ljava/lang/annotation/Annotation; @ 58
Event: 24.729 Thread 0x00000000024f3800 Uncommon trap: reason=class_check action=maybe_recompile pc=0x0000000003cff63c method=org.springframework.core.annotation.AnnotationUtils.getDeclaredAnnotations(Ljava/lang/reflect/AnnotatedElement;)[Ljava/lang/annotation/Annotation; @ 58

Classes redefined (0 events):
No events

Internal exceptions (10 events):
Event: 24.634 Thread 0x00000000024f3800 Exception <a 'java/lang/ClassNotFoundException': org/springframework/beans/factory/DisposableBeanCustomizer> (0x000000076d2a97a0) thrown at [C:\re\workspace\8-2-build-windows-amd64-cygwin\jdk8u211\12973\hotspot\src\share\vm\classfile\systemDictionary.cpp,
Event: 24.636 Thread 0x00000000024f3800 Exception <a 'java/lang/ClassNotFoundException': java/lang/ObjectCustomizer> (0x000000076d2da718) thrown at [C:\re\workspace\8-2-build-windows-amd64-cygwin\jdk8u211\12973\hotspot\src\share\vm\classfile\systemDictionary.cpp, line 210]
Event: 24.641 Thread 0x00000000024f3800 Exception <a 'java/lang/ClassNotFoundException': org/springframework/web/multipart/support/StandardServletMultipartResolverCustomizer> (0x000000076d304ac0) thrown at [C:\re\workspace\8-2-build-windows-amd64-cygwin\jdk8u211\12973\hotspot\src\share\vm\class
Event: 24.642 Thread 0x00000000024f3800 Exception <a 'java/lang/ClassNotFoundException': org/springframework/web/multipart/MultipartResolverCustomizer> (0x000000076d328dd0) thrown at [C:\re\workspace\8-2-build-windows-amd64-cygwin\jdk8u211\12973\hotspot\src\share\vm\classfile\systemDictionary.c
Event: 24.660 Thread 0x00000000024f3800 Exception <a 'java/lang/ClassNotFoundException': java/lang/ObjectCustomizer> (0x000000076d438818) thrown at [C:\re\workspace\8-2-build-windows-amd64-cygwin\jdk8u211\12973\hotspot\src\share\vm\classfile\systemDictionary.cpp, line 210]
Event: 24.661 Thread 0x00000000024f3800 Exception <a 'java/lang/ClassNotFoundException': co/com/ceiba/estacionamiento/ApplicationTestsCustomizer> (0x000000076d459400) thrown at [C:\re\workspace\8-2-build-windows-amd64-cygwin\jdk8u211\12973\hotspot\src\share\vm\classfile\systemDictionary.cpp, li
Event: 24.672 Thread 0x00000000024f3800 Exception <a 'java/lang/ClassNotFoundException': java/lang/ObjectCustomizer> (0x000000076d4cec30) thrown at [C:\re\workspace\8-2-build-windows-amd64-cygwin\jdk8u211\12973\hotspot\src\share\vm\classfile\systemDictionary.cpp, line 210]
Event: 24.673 Thread 0x00000000024f3800 Exception <a 'java/lang/ClassNotFoundException': co/com/ceiba/estacionamiento/test/integracion/UsuarioControladorIntegrationTestCustomizer> (0x000000076d4fa610) thrown at [C:\re\workspace\8-2-build-windows-amd64-cygwin\jdk8u211\12973\hotspot\src\share\vm\
Event: 24.747 Thread 0x00000000024f3800 Exception <a 'java/lang/NoSuchMethodError': java.lang.Object.lambda$mapIfAllPresent$6(Ljava/util/Optional;Ljava/util/function/BiFunction;Ljava/lang/Object;)Ljava/util/Optional;> (0x000000076d7b9d10) thrown at [C:\re\workspace\8-2-build-windows-amd64-cygwi
Event: 24.748 Thread 0x00000000024f3800 Exception <a 'java/lang/NoSuchMethodError': java.lang.Object.lambda$null$5(Ljava/util/function/BiFunction;Ljava/lang/Object;Ljava/lang/Object;)Ljava/lang/Object;> (0x000000076d7bea58) thrown at [C:\re\workspace\8-2-build-windows-amd64-cygwin\jdk8u211\1297

Events (10 events):
Event: 24.729 Thread 0x00000000024f3800 DEOPT PACKING pc=0x0000000003cff63c sp=0x000000000243c9a0
Event: 24.729 Thread 0x00000000024f3800 DEOPT UNPACKING pc=0x000000000273583b sp=0x000000000243c8e8 mode 2
Event: 24.745 loading class org/springframework/data/jpa/repository/support/DefaultQueryHints
Event: 24.745 loading class org/springframework/data/jpa/repository/support/DefaultQueryHints done
Event: 24.747 loading class javax/persistence/EntityManager
Event: 24.747 loading class javax/persistence/EntityManager done
Event: 24.747 loading class javax/persistence/EntityManager
Event: 24.747 loading class javax/persistence/EntityManager done
Event: 24.747 loading class org/springframework/data/jpa/repository/support/DefaultQueryHints
Event: 24.747 loading class org/springframework/data/jpa/repository/support/DefaultQueryHints done


Dynamic libraries:
0x00007ff62bb30000 - 0x00007ff62bb67000 	C:\Program Files\Java\jre1.8.0_211\bin\javaw.exe
0x00007ffcc5240000 - 0x00007ffcc5430000 	C:\WINDOWS\SYSTEM32\ntdll.dll
0x00007ffcc4cd0000 - 0x00007ffcc4d82000 	C:\WINDOWS\System32\KERNEL32.DLL
0x00007ffcc2980000 - 0x00007ffcc2c22000 	C:\WINDOWS\System32\KERNELBASE.dll
0x00007ffcc4550000 - 0x00007ffcc45f3000 	C:\WINDOWS\System32\ADVAPI32.dll
0x00007ffcc4670000 - 0x00007ffcc470e000 	C:\WINDOWS\System32\msvcrt.dll
0x00007ffcc41b0000 - 0x00007ffcc4247000 	C:\WINDOWS\System32\sechost.dll
0x00007ffcc3da0000 - 0x00007ffcc3ec0000 	C:\WINDOWS\System32\RPCRT4.dll
0x00007ffcc4280000 - 0x00007ffcc4413000 	C:\WINDOWS\System32\USER32.dll
0x00007ffcc21d0000 - 0x00007ffcc21f1000 	C:\WINDOWS\System32\win32u.dll
0x00007ffcc4250000 - 0x00007ffcc4276000 	C:\WINDOWS\System32\GDI32.dll
0x00007ffcc3160000 - 0x00007ffcc32f4000 	C:\WINDOWS\System32\gdi32full.dll
0x00007ffcc2fc0000 - 0x00007ffcc305e000 	C:\WINDOWS\System32\msvcp_win.dll
0x00007ffcc3060000 - 0x00007ffcc315a000 	C:\WINDOWS\System32\ucrtbase.dll
0x00007ffcb34d0000 - 0x00007ffcb3755000 	C:\WINDOWS\WinSxS\amd64_microsoft.windows.common-controls_6595b64144ccf1df_6.0.18362.116_none_e6c4ac41130f2c3a\COMCTL32.dll
0x00007ffcc4920000 - 0x00007ffcc4c56000 	C:\WINDOWS\System32\combase.dll
0x00007ffcc2c30000 - 0x00007ffcc2cb1000 	C:\WINDOWS\System32\bcryptPrimitives.dll
0x00007ffcc44a0000 - 0x00007ffcc44ce000 	C:\WINDOWS\System32\IMM32.DLL
0x000000005fb30000 - 0x000000005fc02000 	C:\Program Files\Java\jre1.8.0_211\bin\msvcr100.dll
0x0000000060a60000 - 0x0000000061305000 	C:\Program Files\Java\jre1.8.0_211\bin\server\jvm.dll
0x00007ffcc33d0000 - 0x00007ffcc33d8000 	C:\WINDOWS\System32\PSAPI.DLL
0x00007ffcbe860000 - 0x00007ffcbe884000 	C:\WINDOWS\SYSTEM32\WINMM.dll
0x00007ffcb2620000 - 0x00007ffcb262a000 	C:\WINDOWS\SYSTEM32\VERSION.dll
0x00007ffcbe640000 - 0x00007ffcbe649000 	C:\WINDOWS\SYSTEM32\WSOCK32.dll
0x00007ffcc3c10000 - 0x00007ffcc3c7f000 	C:\WINDOWS\System32\WS2_32.dll
0x00007ffcbe750000 - 0x00007ffcbe77d000 	C:\WINDOWS\SYSTEM32\winmmbase.dll
0x00007ffcc2f70000 - 0x00007ffcc2fba000 	C:\WINDOWS\System32\cfgmgr32.dll
0x00007ffcbce80000 - 0x00007ffcbce8f000 	C:\Program Files\Java\jre1.8.0_211\bin\verify.dll
0x00007ffcb3090000 - 0x00007ffcb30b9000 	C:\Program Files\Java\jre1.8.0_211\bin\java.dll
0x00007ffcb2ee0000 - 0x00007ffcb2f03000 	C:\Program Files\Java\jre1.8.0_211\bin\instrument.dll
0x00007ffcb2ec0000 - 0x00007ffcb2ed6000 	C:\Program Files\Java\jre1.8.0_211\bin\zip.dll
0x00007ffcc33e0000 - 0x00007ffcc3ac0000 	C:\WINDOWS\System32\SHELL32.dll
0x00007ffcc4870000 - 0x00007ffcc4919000 	C:\WINDOWS\System32\shcore.dll
0x00007ffcc2200000 - 0x00007ffcc297a000 	C:\WINDOWS\System32\windows.storage.dll
0x00007ffcc2190000 - 0x00007ffcc21af000 	C:\WINDOWS\System32\profapi.dll
0x00007ffcc2120000 - 0x00007ffcc216a000 	C:\WINDOWS\System32\powrprof.dll
0x00007ffcc2110000 - 0x00007ffcc2120000 	C:\WINDOWS\System32\UMPDC.dll
0x00007ffcc3d30000 - 0x00007ffcc3d82000 	C:\WINDOWS\System32\shlwapi.dll
0x00007ffcc2170000 - 0x00007ffcc2181000 	C:\WINDOWS\System32\kernel.appcore.dll
0x00007ffcc2e70000 - 0x00007ffcc2e87000 	C:\WINDOWS\System32\cryptsp.dll
0x00007ffcb2e20000 - 0x00007ffcb2e3a000 	C:\Program Files\Java\jre1.8.0_211\bin\net.dll
0x00007ffcb7180000 - 0x00007ffcb7354000 	C:\WINDOWS\SYSTEM32\urlmon.dll
0x00007ffcb84e0000 - 0x00007ffcb8786000 	C:\WINDOWS\SYSTEM32\iertutil.dll
0x00007ffcc1b50000 - 0x00007ffcc1b5c000 	C:\WINDOWS\SYSTEM32\CRYPTBASE.DLL
0x00007ffcc1980000 - 0x00007ffcc19e7000 	C:\WINDOWS\system32\mswsock.dll
0x00007ffcaf140000 - 0x00007ffcaf156000 	C:\WINDOWS\system32\napinsp.dll
0x00007ffcaf100000 - 0x00007ffcaf11a000 	C:\WINDOWS\system32\pnrpnsp.dll
0x00007ffcc1720000 - 0x00007ffcc17ea000 	C:\WINDOWS\SYSTEM32\DNSAPI.dll
0x00007ffcc4600000 - 0x00007ffcc4608000 	C:\WINDOWS\System32\NSI.dll
0x00007ffcc16e0000 - 0x00007ffcc171a000 	C:\WINDOWS\SYSTEM32\IPHLPAPI.DLL
0x00007ffcaf0b0000 - 0x00007ffcaf0be000 	C:\WINDOWS\System32\winrnr.dll
0x00007ffcbc680000 - 0x00007ffcbc69c000 	C:\WINDOWS\system32\NLAapi.dll
0x00007ffcbf8c0000 - 0x00007ffcbf8d5000 	C:\WINDOWS\system32\wshbth.dll
0x00007ffcbc400000 - 0x00007ffcbc40a000 	C:\Windows\System32\rasadhlp.dll
0x00007ffcbf170000 - 0x00007ffcbf1e7000 	C:\WINDOWS\System32\fwpuclnt.dll
0x00007ffcc2e90000 - 0x00007ffcc2eb6000 	C:\WINDOWS\System32\bcrypt.dll
0x00007ffcb2e00000 - 0x00007ffcb2e12000 	C:\Program Files\Java\jre1.8.0_211\bin\nio.dll
0x00007ffcb22c0000 - 0x00007ffcb22cd000 	C:\Program Files\Java\jre1.8.0_211\bin\management.dll
0x00007ffcc1540000 - 0x00007ffcc1573000 	C:\WINDOWS\system32\rsaenh.dll
0x00007ffcc2030000 - 0x00007ffcc2055000 	C:\WINDOWS\SYSTEM32\USERENV.dll
0x00007ffcbeb40000 - 0x00007ffcbeb56000 	C:\WINDOWS\SYSTEM32\dhcpcsvc6.DLL
0x00007ffcbe970000 - 0x00007ffcbe98c000 	C:\WINDOWS\SYSTEM32\dhcpcsvc.DLL

VM Arguments:
jvm_args: -javaagent:C:\Users\haroll.mora\eclipse\jee-2019-03\eclipse\configuration\org.eclipse.osgi\923\0\.cp\jacocoagent.jar=includes=*,excludes=,exclclassloader=sun.reflect.DelegatingClassLoader,output=tcpclient,port=50496 -ea -Dfile.encoding=Cp1252 
java_command: org.eclipse.jdt.internal.junit.runner.RemoteTestRunner -version 3 -port 50497 -testLoaderClass org.eclipse.jdt.internal.junit4.runner.JUnit4TestLoader -loaderpluginname org.eclipse.jdt.junit4.runtime -testNameFile C:\Users\HAROLL~1.MOR\AppData\Local\Temp\testNames6673033091302362690.txt
java_class_path (initial): C:\Users\haroll.mora\eclipse-workspace\estacionamientoCeibaHM\bin\main;C:\Users\haroll.mora\eclipse-workspace\estacionamientoCeibaHM\bin\test;C:\Users\haroll.mora\.gradle\caches\modules-2\files-2.1\org.springframework.boot\spring-boot-starter-data-jpa\2.1.5.RELEASE\f33f69b3744d07f832db6ab48eab227ccde9e922\spring-boot-starter-data-jpa-2.1.5.RELEASE.jar;C:\Users\haroll.mora\.gradle\caches\modules-2\files-2.1\org.springframework.boot\spring-boot-starter-web\2.1.5.RELEASE\d46494b46a626cbd8f253066a2d7413412efc908\spring-boot-starter-web-2.1.5.RELEASE.jar;C:\Users\haroll.mora\.gradle\caches\modules-2\files-2.1\org.mariadb.jdbc\mariadb-java-client\2.1.2\2484a99a6a86491531d17d491c931de8942ae0\mariadb-java-client-2.1.2.jar;C:\Users\haroll.mora\.gradle\caches\modules-2\files-2.1\io.springfox\springfox-swagger-ui\2.9.2\d542382a88ff3ea8d4032c28b2b0325797fada7d\springfox-swagger-ui-2.9.2.jar;C:\Users\haroll.mora\.gradle\caches\modules-2\files-2.1\io.springfox\springfox-swagger2\2.9.2\362676bc7f4c6f9f1d568741becab0dfc198c898\springfox-swagger2-2.9.2.jar;C:\Users\haroll.mora\.gradle\caches\modules-2\files-2.1\org.springframework.boot\spring-boot-starter-aop\2.1.5.RELEASE\464cfb573009e724ea76ca404f106b1b19e759ff\spring-boot-starter-aop-2.1.5.RELEASE.jar;C:\Users\haroll.mora\.gradle\caches\modules-2\files-2.1\org.springframework.boot\spring-boot-starter-jdbc\2.1.5.RELEASE\6f187e708a47b0d37552a01292ce649a97a0059d\spring-boot-starter-jdbc-2.1.5.RELEASE.jar;C:\Users\haroll.mora\.gradle\caches\modules-2\files-2.1\javax.transaction\javax.transaction-api\1.3\e006adf5cf3cca2181d16bd640ecb80148ec0fce\javax.transaction-api-1.3.jar;C:\Users\haroll.mora\.gradle\caches\modules-2\files-2.1\javax.xml.bind\jaxb-api\2.3.1\8531ad5ac454cc2deb9d4d32c40c4d7451939b5d\jaxb-api-2.3.1.jar;C:\Users\haroll.mora\.gradle\caches\modules-2\files-2.1\org.hibernate\hibernate-core\5.3.10.Final\e608b854325005edbf43cb2b6041fdafd3f2eb57\hibernate-core-5.3.10.Final.jar;C:\Users\haroll.mora\
Launcher Type: SUN_STANDARD

Environment Variables:
PATH=C:/Program Files/Java/jre1.8.0_211/bin/server;C:/Program Files/Java/jre1.8.0_211/bin;C:/Program Files/Java/jre1.8.0_211/lib/amd64;C:\Program Files (x86)\Common Files\Oracle\Java\javapath;C:\Oracle\product\12.2.0\client_1\bin;C:\Program Files (x86)\Intel\iCLS Client\;C:\Program Files\Intel\iCLS Client\;C:\Program Files\CollabNet\Subversion Client;C:\WINDOWS\system32;C:\WINDOWS;C:\WINDOWS\System32\Wbem;C:\WINDOWS\System32\WindowsPowerShell\v1.0\;C:\WINDOWS\System32\OpenSSH\;C:\Program Files\TortoiseSVN\bin;C:\Program Files (x86)\Intel\Intel(R) Management Engine Components\DAL;C:\Program Files\Intel\Intel(R) Management Engine Components\DAL;C:\Program Files (x86)\Intel\Intel(R) Management Engine Components\IPT;C:\Program Files\Intel\Intel(R) Management Engine Components\IPT;C:\Program Files\PuTTY\;C:\Program Files\Git\cmd;C:\Program Files\nodejs\;C:\Users\haroll.mora\AppData\Local\Microsoft\WindowsApps;C:\Users\haroll.mora\AppData\Local\Programs\Microsoft VS Code\bin;C:\Users\haroll.mora\AppData\Roaming\npm;C:\Users\haroll.mora\eclipse\jee-2019-03\eclipse;
USERNAME=haroll.mora
OS=Windows_NT
PROCESSOR_IDENTIFIER=Intel64 Family 6 Model 60 Stepping 3, GenuineIntel



---------------  S Y S T E M  ---------------

OS: Windows 10.0 , 64 bit Build 18362 (10.0.18362.86)

CPU:total 4 (initial active 4) (2 cores per cpu, 2 threads per core) family 6 model 60 stepping 3, cmov, cx8, fxsr, mmx, sse, sse2, sse3, ssse3, sse4.1, sse4.2, popcnt, avx, avx2, aes, clmul, erms, lzcnt, ht, tsc, tscinvbit, bmi1, bmi2

Memory: 4k page, physical 16680136k(4119200k free), swap 31825220k(6000k free)

vm_info: Java HotSpot(TM) 64-Bit Server VM (25.211-b12) for windows-amd64 JRE (1.8.0_211-b12), built on Apr  1 2019 20:53:26 by "java_re" with MS VC++ 10.0 (VS2010)

time: Tue Jun 18 10:31:31 2019
timezone: SA Pacific Standard Time
elapsed time: 24 seconds (0d 0h 0m 24s)

