#
# There is insufficient memory for the Java Runtime Environment to continue.
# Native memory allocation (malloc) failed to allocate 3240960 bytes for Chunk::new
# Possible reasons:
#   The system is out of physical RAM or swap space
#   The process is running with CompressedOops enabled, and the Java Heap may be blocking the growth of the native heap
# Possible solutions:
#   Reduce memory load on the system
#   Increase physical memory or swap space
#   Check if swap backing store is full
#   Decrease Java heap size (-Xmx/-Xms)
#   Decrease number of Java threads
#   Decrease Java thread stack sizes (-Xss)
#   Set larger code cache with -XX:ReservedCodeCacheSize=
#   JVM is running with Zero Based Compressed Oops mode in which the Java heap is
#     placed in the first 32GB address space. The Java Heap base address is the
#     maximum limit for the native heap growth. Please use -XX:HeapBaseMinAddress
#     to set the Java Heap base and to place the Java Heap above 32GB virtual address.
# This output file may be truncated or incomplete.
#
#  Out of Memory Error (allocation.cpp:389), pid=3980, tid=0x000000000000067c
#
# JRE version: Java(TM) SE Runtime Environment (8.0_211-b12) (build 1.8.0_211-b12)
# Java VM: Java HotSpot(TM) 64-Bit Server VM (25.211-b12 mixed mode windows-amd64 compressed oops)
# Failed to write core dump. Minidumps are not enabled by default on client versions of Windows
#

---------------  T H R E A D  ---------------

Current thread (0x000000001e4be000):  JavaThread "C2 CompilerThread1" daemon [_thread_in_native, id=1660, stack(0x000000001ecc0000,0x000000001edc0000)]

Stack: [0x000000001ecc0000,0x000000001edc0000]
[error occurred during error reporting (printing stack bounds), id 0xc0000005]

Native frames: (J=compiled Java code, j=interpreted, Vv=VM code, C=native code)


Current CompileTask:
C2: 149587 8047  s    4       java.beans.PropertyDescriptor::setReadMethod (64 bytes)


---------------  P R O C E S S  ---------------

Java Threads: ( => current thread )
  0x00000000275b5800 JavaThread "HikariPool-2 connection adder" daemon [_thread_blocked, id=15152, stack(0x00000000202d0000,0x00000000203d0000)]
  0x00000000275af000 JavaThread "HikariPool-2 housekeeper" daemon [_thread_blocked, id=5532, stack(0x0000000000d80000,0x0000000000e80000)]
  0x0000000029c09800 JavaThread "HikariPool-1 housekeeper" daemon [_thread_blocked, id=6848, stack(0x0000000022e70000,0x0000000022f70000)]
  0x000000001e9b9000 JavaThread "ReaderThread" [_thread_in_native, id=10788, stack(0x000000001f0c0000,0x000000001f1c0000)]
  0x000000001e4ba800 JavaThread "Service Thread" daemon [_thread_blocked, id=848, stack(0x000000001eec0000,0x000000001efc0000)]
  0x000000001e4bf800 JavaThread "C1 CompilerThread2" daemon [_thread_blocked, id=7524, stack(0x000000001edc0000,0x000000001eec0000)]
=>0x000000001e4be000 JavaThread "C2 CompilerThread1" daemon [_thread_in_native, id=1660, stack(0x000000001ecc0000,0x000000001edc0000)]
  0x000000001e499000 JavaThread "C2 CompilerThread0" daemon [_thread_in_native, id=11444, stack(0x000000001ebc0000,0x000000001ecc0000)]
  0x000000001c335800 JavaThread "JDWP Command Reader" daemon [_thread_in_native, id=6132, stack(0x000000001dec0000,0x000000001dfc0000)]
  0x000000001c334000 JavaThread "JDWP Event Helper Thread" daemon [_thread_blocked, id=11056, stack(0x000000001ddc0000,0x000000001dec0000)]
  0x000000001c325000 JavaThread "JDWP Transport Listener: dt_socket" daemon [_thread_blocked, id=9836, stack(0x000000001dcc0000,0x000000001ddc0000)]
  0x000000001c31a000 JavaThread "Attach Listener" daemon [_thread_blocked, id=16664, stack(0x000000001d880000,0x000000001d980000)]
  0x000000001c318800 JavaThread "Signal Dispatcher" daemon [_thread_blocked, id=14720, stack(0x000000001d780000,0x000000001d880000)]
  0x000000001c2ff800 JavaThread "Finalizer" daemon [_thread_blocked, id=12280, stack(0x000000001d580000,0x000000001d680000)]
  0x0000000002b7b000 JavaThread "Reference Handler" daemon [_thread_blocked, id=7292, stack(0x000000001d480000,0x000000001d580000)]
  0x0000000002a83800 JavaThread "main" [_thread_in_Java, id=3204, stack(0x0000000002950000,0x0000000002a50000)]

Other Threads:
  0x000000001c2d8000 VMThread [stack: 0x000000001d380000,0x000000001d480000] [id=1388]
  0x000000001e5e4000 WatcherThread [stack: 0x000000001efc0000,0x000000001f0c0000] [id=12120]

VM state:not at safepoint (normal execution)

VM Mutex/Monitor currently owned by a thread: None

heap address: 0x00000006c1600000, size: 4074 MB, Compressed Oops mode: Zero based, Oop shift amount: 3
Narrow klass base: 0x0000000000000000, Narrow klass shift: 3
Compressed class space size: 1073741824 Address: 0x00000007c0000000

Heap:
 PSYoungGen      total 419840K, used 101152K [0x000000076b200000, 0x0000000786800000, 0x00000007c0000000)
  eden space 402432K, 20% used [0x000000076b200000,0x00000007703d02a0,0x0000000783b00000)
  from space 17408K, 99% used [0x0000000785700000,0x00000007867f8060,0x0000000786800000)
  to   space 19968K, 0% used [0x0000000784100000,0x0000000784100000,0x0000000785480000)
 ParOldGen       total 238592K, used 30923K [0x00000006c1600000, 0x00000006cff00000, 0x000000076b200000)
  object space 238592K, 12% used [0x00000006c1600000,0x00000006c3432d48,0x00000006cff00000)
 Metaspace       used 65649K, capacity 68810K, committed 69012K, reserved 1110016K
  class space    used 8857K, capacity 9378K, committed 9404K, reserved 1048576K

Card table byte_map: [0x0000000012080000,0x0000000012880000] byte_map_base: 0x000000000ea75000

Marking Bits: (ParMarkBitMap*) 0x0000000061285ce0
 Begin Bits: [0x00000000131d0000, 0x0000000017178000)
 End Bits:   [0x0000000017178000, 0x000000001b120000)

Polling page: 0x0000000000b60000

CodeCache: size=245760Kb used=27235Kb max_used=27235Kb free=218524Kb
 bounds [0x0000000002cc0000, 0x0000000004780000, 0x0000000011cc0000]
 total_blobs=7373 nmethods=6812 adapters=480
 compilation: enabled

Compilation events (10 events):
Event: 149.185 Thread 0x000000001e4bf800 8050       1       org.springframework.web.context.support.GenericWebApplicationContext::getServletContext (5 bytes)
Event: 149.185 Thread 0x000000001e4bf800 nmethod 8050 0x0000000004740e10 code [0x0000000004740f60, 0x0000000004741070]
Event: 149.220 Thread 0x000000001e4bf800 8051       3       java.util.concurrent.ConcurrentHashMap::comparableClassFor (105 bytes)
Event: 149.220 Thread 0x000000001e4bf800 nmethod 8051 0x000000000476db50 code [0x000000000476dd60, 0x000000000476e988]
Event: 149.315 Thread 0x000000001e4bf800 8053   !   3       com.sun.proxy.$Proxy83::annotationType (29 bytes)
Event: 149.316 Thread 0x000000001e4bf800 nmethod 8053 0x0000000004742910 code [0x0000000004742aa0, 0x0000000004742f38]
Event: 149.431 Thread 0x000000001e4bf800 8054   !   3       com.sun.proxy.$Proxy53::annotationType (29 bytes)
Event: 149.432 Thread 0x000000001e4bf800 nmethod 8054 0x0000000004758b10 code [0x0000000004758ca0, 0x0000000004759138]
Event: 149.504 Thread 0x000000001e4bf800 8055       3       org.springframework.boot.context.properties.bind.AbstractBindHandler::onFinish (15 bytes)
Event: 149.504 Thread 0x000000001e4bf800 nmethod 8055 0x00000000046d83d0 code [0x00000000046d8540, 0x00000000046d8788]

GC Heap History (10 events):
Event: 13.906 GC heap before
{Heap before GC invocations=11 (full 2):
 PSYoungGen      total 295424K, used 295409K [0x000000076b200000, 0x000000077ec00000, 0x00000007c0000000)
  eden space 284160K, 100% used [0x000000076b200000,0x000000077c780000,0x000000077c780000)
  from space 11264K, 99% used [0x000000077e100000,0x000000077ebfc410,0x000000077ec00000)
  to   space 12800K, 0% used [0x000000077d300000,0x000000077d300000,0x000000077df80000)
 ParOldGen       total 161792K, used 14928K [0x00000006c1600000, 0x00000006cb400000, 0x000000076b200000)
  object space 161792K, 9% used [0x00000006c1600000,0x00000006c24943d0,0x00000006cb400000)
 Metaspace       used 56573K, capacity 58990K, committed 59028K, reserved 1099776K
  class space    used 7677K, capacity 8088K, committed 8124K, reserved 1048576K
Event: 13.923 GC heap after
Heap after GC invocations=11 (full 2):
 PSYoungGen      total 308736K, used 12773K [0x000000076b200000, 0x0000000782900000, 0x00000007c0000000)
  eden space 295936K, 0% used [0x000000076b200000,0x000000076b200000,0x000000077d300000)
  from space 12800K, 99% used [0x000000077d300000,0x000000077df797f8,0x000000077df80000)
  to   space 15872K, 0% used [0x0000000781980000,0x0000000781980000,0x0000000782900000)
 ParOldGen       total 161792K, used 19541K [0x00000006c1600000, 0x00000006cb400000, 0x000000076b200000)
  object space 161792K, 12% used [0x00000006c1600000,0x00000006c29156f0,0x00000006cb400000)
 Metaspace       used 56573K, capacity 58990K, committed 59028K, reserved 1099776K
  class space    used 7677K, capacity 8088K, committed 8124K, reserved 1048576K
}
Event: 13.923 GC heap before
{Heap before GC invocations=12 (full 3):
 PSYoungGen      total 308736K, used 12773K [0x000000076b200000, 0x0000000782900000, 0x00000007c0000000)
  eden space 295936K, 0% used [0x000000076b200000,0x000000076b200000,0x000000077d300000)
  from space 12800K, 99% used [0x000000077d300000,0x000000077df797f8,0x000000077df80000)
  to   space 15872K, 0% used [0x0000000781980000,0x0000000781980000,0x0000000782900000)
 ParOldGen       total 161792K, used 19541K [0x00000006c1600000, 0x00000006cb400000, 0x000000076b200000)
  object space 161792K, 12% used [0x00000006c1600000,0x00000006c29156f0,0x00000006cb400000)
 Metaspace       used 56573K, capacity 58990K, committed 59028K, reserved 1099776K
  class space    used 7677K, capacity 8088K, committed 8124K, reserved 1048576K
Event: 14.097 GC heap after
Heap after GC invocations=12 (full 3):
 PSYoungGen      total 308736K, used 0K [0x000000076b200000, 0x0000000782900000, 0x00000007c0000000)
  eden space 295936K, 0% used [0x000000076b200000,0x000000076b200000,0x000000077d300000)
  from space 12800K, 0% used [0x000000077d300000,0x000000077d300000,0x000000077df80000)
  to   space 15872K, 0% used [0x0000000781980000,0x0000000781980000,0x0000000782900000)
 ParOldGen       total 238592K, used 29288K [0x00000006c1600000, 0x00000006cff00000, 0x000000076b200000)
  object space 238592K, 12% used [0x00000006c1600000,0x00000006c329a270,0x00000006cff00000)
 Metaspace       used 56573K, capacity 58990K, committed 59028K, reserved 1099776K
  class space    used 7677K, capacity 8088K, committed 8124K, reserved 1048576K
}
Event: 17.771 GC heap before
{Heap before GC invocations=13 (full 3):
 PSYoungGen      total 308736K, used 295936K [0x000000076b200000, 0x0000000782900000, 0x00000007c0000000)
  eden space 295936K, 100% used [0x000000076b200000,0x000000077d300000,0x000000077d300000)
  from space 12800K, 0% used [0x000000077d300000,0x000000077d300000,0x000000077df80000)
  to   space 15872K, 0% used [0x0000000781980000,0x0000000781980000,0x0000000782900000)
 ParOldGen       total 238592K, used 29288K [0x00000006c1600000, 0x00000006cff00000, 0x000000076b200000)
  object space 238592K, 12% used [0x00000006c1600000,0x00000006c329a270,0x00000006cff00000)
 Metaspace       used 62212K, capacity 65126K, committed 65428K, reserved 1105920K
  class space    used 8543K, capacity 9022K, committed 9148K, reserved 1048576K
Event: 17.797 GC heap after
Heap after GC invocations=13 (full 3):
 PSYoungGen      total 367616K, used 11561K [0x000000076b200000, 0x0000000782a80000, 0x00000007c0000000)
  eden space 351744K, 0% used [0x000000076b200000,0x000000076b200000,0x0000000780980000)
  from space 15872K, 72% used [0x0000000781980000,0x00000007824ca458,0x0000000782900000)
  to   space 16384K, 0% used [0x0000000780980000,0x0000000780980000,0x0000000781980000)
 ParOldGen       total 238592K, used 29288K [0x00000006c1600000, 0x00000006cff00000, 0x000000076b200000)
  object space 238592K, 12% used [0x00000006c1600000,0x00000006c329a270,0x00000006cff00000)
 Metaspace       used 62212K, capacity 65126K, committed 65428K, reserved 1105920K
  class space    used 8543K, capacity 9022K, committed 9148K, reserved 1048576K
}
Event: 22.206 GC heap before
{Heap before GC invocations=14 (full 3):
 PSYoungGen      total 367616K, used 363305K [0x000000076b200000, 0x0000000782a80000, 0x00000007c0000000)
  eden space 351744K, 100% used [0x000000076b200000,0x0000000780980000,0x0000000780980000)
  from space 15872K, 72% used [0x0000000781980000,0x00000007824ca458,0x0000000782900000)
  to   space 16384K, 0% used [0x0000000780980000,0x0000000780980000,0x0000000781980000)
 ParOldGen       total 238592K, used 29288K [0x00000006c1600000, 0x00000006cff00000, 0x000000076b200000)
  object space 238592K, 12% used [0x00000006c1600000,0x00000006c329a270,0x00000006cff00000)
 Metaspace       used 64814K, capacity 67926K, committed 68244K, reserved 1107968K
  class space    used 8815K, capacity 9314K, committed 9404K, reserved 1048576K
Event: 22.226 GC heap after
Heap after GC invocations=14 (full 3):
 PSYoungGen      total 368128K, used 13845K [0x000000076b200000, 0x0000000786800000, 0x00000007c0000000)
  eden space 351744K, 0% used [0x000000076b200000,0x000000076b200000,0x0000000780980000)
  from space 16384K, 84% used [0x0000000780980000,0x00000007817055d0,0x0000000781980000)
  to   space 17408K, 0% used [0x0000000785700000,0x0000000785700000,0x0000000786800000)
 ParOldGen       total 238592K, used 29296K [0x00000006c1600000, 0x00000006cff00000, 0x000000076b200000)
  object space 238592K, 12% used [0x00000006c1600000,0x00000006c329c270,0x00000006cff00000)
 Metaspace       used 64814K, capacity 67926K, committed 68244K, reserved 1107968K
  class space    used 8815K, capacity 9314K, committed 9404K, reserved 1048576K
}
Event: 148.864 GC heap before
{Heap before GC invocations=15 (full 3):
 PSYoungGen      total 368128K, used 365589K [0x000000076b200000, 0x0000000786800000, 0x00000007c0000000)
  eden space 351744K, 100% used [0x000000076b200000,0x0000000780980000,0x0000000780980000)
  from space 16384K, 84% used [0x0000000780980000,0x00000007817055d0,0x0000000781980000)
  to   space 17408K, 0% used [0x0000000785700000,0x0000000785700000,0x0000000786800000)
 ParOldGen       total 238592K, used 29296K [0x00000006c1600000, 0x00000006cff00000, 0x000000076b200000)
  object space 238592K, 12% used [0x00000006c1600000,0x00000006c329c270,0x00000006cff00000)
 Metaspace       used 65641K, capacity 68810K, committed 69012K, reserved 1110016K
  class space    used 8857K, capacity 9378K, committed 9404K, reserved 1048576K
Event: 148.883 GC heap after
Heap after GC invocations=15 (full 3):
 PSYoungGen      total 419840K, used 17376K [0x000000076b200000, 0x0000000786800000, 0x00000007c0000000)
  eden space 402432K, 0% used [0x000000076b200000,0x000000076b200000,0x0000000783b00000)
  from space 17408K, 99% used [0x0000000785700000,0x00000007867f8060,0x0000000786800000)
  to   space 19968K, 0% used [0x0000000784100000,0x0000000784100000,0x0000000785480000)
 ParOldGen       total 238592K, used 30923K [0x00000006c1600000, 0x00000006cff00000, 0x000000076b200000)
  object space 238592K, 12% used [0x00000006c1600000,0x00000006c3432d48,0x00000006cff00000)
 Metaspace       used 65641K, capacity 68810K, committed 69012K, reserved 1110016K
  class space    used 8857K, capacity 9378K, committed 9404K, reserved 1048576K
}

Deoptimization events (10 events):
Event: 149.583 Thread 0x0000000002a83800 Uncommon trap: reason=unhandled action=none pc=0x0000000002ef89e0 method=java.net.URLClassLoader.findClass(Ljava/lang/String;)Ljava/lang/Class; @ 44
Event: 149.583 Thread 0x0000000002a83800 Uncommon trap: reason=unhandled action=none pc=0x0000000002ef89e0 method=java.net.URLClassLoader.findClass(Ljava/lang/String;)Ljava/lang/Class; @ 44
Event: 149.583 Thread 0x0000000002a83800 Uncommon trap: reason=unhandled action=none pc=0x0000000002ef89e0 method=java.net.URLClassLoader.findClass(Ljava/lang/String;)Ljava/lang/Class; @ 44
Event: 149.584 Thread 0x0000000002a83800 Uncommon trap: reason=unhandled action=none pc=0x0000000002ef89e0 method=java.net.URLClassLoader.findClass(Ljava/lang/String;)Ljava/lang/Class; @ 44
Event: 149.584 Thread 0x0000000002a83800 Uncommon trap: reason=range_check action=none pc=0x0000000003146b24 method=sun.reflect.generics.parser.SignatureParser.current()C @ 34
Event: 149.584 Thread 0x0000000002a83800 Uncommon trap: reason=unhandled action=none pc=0x0000000002ef89e0 method=java.net.URLClassLoader.findClass(Ljava/lang/String;)Ljava/lang/Class; @ 44
Event: 149.585 Thread 0x0000000002a83800 Uncommon trap: reason=unhandled action=none pc=0x0000000002ef89e0 method=java.net.URLClassLoader.findClass(Ljava/lang/String;)Ljava/lang/Class; @ 44
Event: 149.585 Thread 0x0000000002a83800 Uncommon trap: reason=unhandled action=none pc=0x0000000002ef89e0 method=java.net.URLClassLoader.findClass(Ljava/lang/String;)Ljava/lang/Class; @ 44
Event: 149.585 Thread 0x0000000002a83800 Uncommon trap: reason=unhandled action=none pc=0x0000000002ef89e0 method=java.net.URLClassLoader.findClass(Ljava/lang/String;)Ljava/lang/Class; @ 44
Event: 149.586 Thread 0x0000000002a83800 Uncommon trap: reason=unhandled action=none pc=0x0000000002ef89e0 method=java.net.URLClassLoader.findClass(Ljava/lang/String;)Ljava/lang/Class; @ 44

Classes redefined (0 events):
No events

Internal exceptions (10 events):
Event: 149.573 Thread 0x0000000002a83800 Exception <a 'java/lang/ClassNotFoundException': java/lang/ObjectCustomizer> (0x000000076fcba5c8) thrown at [C:\re\workspace\8-2-build-windows-amd64-cygwin\jdk8u211\12973\hotspot\src\share\vm\classfile\systemDictionary.cpp, line 210]
Event: 149.575 Thread 0x0000000002a83800 Exception <a 'java/lang/ClassNotFoundException': org/springframework/boot/autoconfigure/security/servlet/SecurityRequestMatcherProviderAutoConfiguration$MvcRequestMatcherConfigurationCustomizer> (0x000000076fcf84e8) thrown at [C:\re\workspace\8-2-build-wi
Event: 149.576 Thread 0x0000000002a83800 Exception <a 'java/lang/ClassNotFoundException': org/springframework/boot/autoconfigure/security/servlet/SecurityRequestMatcherProviderAutoConfiguration$MvcRequestMatcherConfiguration$$EnhancerBySpringCGLIB$$54a6f64aCustomizer> (0x000000076fd3f3d8) thrown
Event: 149.578 Thread 0x0000000002a83800 Exception <a 'java/lang/ClassNotFoundException': org/springframework/context/annotation/ConfigurationClassEnhancer$EnhancedConfigurationCustomizer> (0x000000076fd72208) thrown at [C:\re\workspace\8-2-build-windows-amd64-cygwin\jdk8u211\12973\hotspot\src\s
Event: 149.579 Thread 0x0000000002a83800 Exception <a 'java/lang/ClassNotFoundException': org/springframework/beans/factory/BeanFactoryAwareCustomizer> (0x000000076fd91338) thrown at [C:\re\workspace\8-2-build-windows-amd64-cygwin\jdk8u211\12973\hotspot\src\share\vm\classfile\systemDictionary.cp
Event: 149.580 Thread 0x0000000002a83800 Exception <a 'java/lang/ClassNotFoundException': org/springframework/beans/factory/AwareCustomizer> (0x000000076fdaddd0) thrown at [C:\re\workspace\8-2-build-windows-amd64-cygwin\jdk8u211\12973\hotspot\src\share\vm\classfile\systemDictionary.cpp, line 210
Event: 149.583 Thread 0x0000000002a83800 Exception <a 'java/lang/ClassNotFoundException': java/lang/ObjectCustomizer> (0x000000076fdc67a8) thrown at [C:\re\workspace\8-2-build-windows-amd64-cygwin\jdk8u211\12973\hotspot\src\share\vm\classfile\systemDictionary.cpp, line 210]
Event: 149.584 Thread 0x0000000002a83800 Exception <a 'java/lang/ClassNotFoundException': org/springframework/web/servlet/handler/HandlerMappingIntrospectorCustomizer> (0x000000076fdeeca8) thrown at [C:\re\workspace\8-2-build-windows-amd64-cygwin\jdk8u211\12973\hotspot\src\share\vm\classfile\sys
Event: 149.584 Thread 0x0000000002a83800 Exception <a 'java/lang/ArrayIndexOutOfBoundsException': 68> (0x000000076fdf2058) thrown at [C:\re\workspace\8-2-build-windows-amd64-cygwin\jdk8u211\12973\hotspot\src\share\vm\interpreter\interpreterRuntime.cpp, line 368]
Event: 149.586 Thread 0x0000000002a83800 Exception <a 'java/lang/ClassNotFoundException': org/springframework/web/cors/CorsConfigurationSourceCustomizer> (0x000000076fe17178) thrown at [C:\re\workspace\8-2-build-windows-amd64-cygwin\jdk8u211\12973\hotspot\src\share\vm\classfile\systemDictionary.

Events (10 events):
Event: 149.585 Thread 0x0000000002a83800 DEOPT UNPACKING pc=0x0000000002d07890 sp=0x0000000002a4b8e0 mode 1
Event: 149.586 Thread 0x0000000002a83800 DEOPT PACKING pc=0x0000000003484184 sp=0x0000000002a4bc20
Event: 149.586 Thread 0x0000000002a83800 DEOPT UNPACKING pc=0x0000000002d07890 sp=0x0000000002a4ba28 mode 1
Event: 149.586 loading class org/springframework/web/cors/CorsConfigurationSourceCustomizer
Event: 149.586 loading class org/springframework/web/cors/CorsConfigurationSourceCustomizer done
Event: 149.586 Thread 0x0000000002a83800 DEOPT PACKING pc=0x00000000046e2dd4 sp=0x0000000002a4bc90
Event: 149.586 Thread 0x0000000002a83800 DEOPT UNPACKING pc=0x0000000002d07890 sp=0x0000000002a4b9b8 mode 1
Event: 149.586 loading class org/springframework/context/ApplicationContextAwareCustomizer
Event: 149.586 loading class org/springframework/context/ApplicationContextAwareCustomizer done
Event: 149.586 Thread 0x0000000002a83800 Uncommon trap: trap_request=0xffffffa7 fr.pc=0x0000000002ef89e0


Dynamic libraries:
0x00007ff62bb30000 - 0x00007ff62bb67000 	C:\Program Files\Java\jre1.8.0_211\bin\javaw.exe
0x00007ffcc5240000 - 0x00007ffcc5430000 	C:\WINDOWS\SYSTEM32\ntdll.dll
0x00007ffcc4cd0000 - 0x00007ffcc4d82000 	C:\WINDOWS\System32\KERNEL32.DLL
0x00007ffcc2980000 - 0x00007ffcc2c22000 	C:\WINDOWS\System32\KERNELBASE.dll
0x00007ffcc4550000 - 0x00007ffcc45f3000 	C:\WINDOWS\System32\ADVAPI32.dll
0x00007ffcc4670000 - 0x00007ffcc470e000 	C:\WINDOWS\System32\msvcrt.dll
0x00007ffcc41b0000 - 0x00007ffcc4247000 	C:\WINDOWS\System32\sechost.dll
0x00007ffcc3da0000 - 0x00007ffcc3ec0000 	C:\WINDOWS\System32\RPCRT4.dll
0x00007ffcc4280000 - 0x00007ffcc4413000 	C:\WINDOWS\System32\USER32.dll
0x00007ffcc21d0000 - 0x00007ffcc21f1000 	C:\WINDOWS\System32\win32u.dll
0x00007ffcc4250000 - 0x00007ffcc4276000 	C:\WINDOWS\System32\GDI32.dll
0x00007ffcc3160000 - 0x00007ffcc32f4000 	C:\WINDOWS\System32\gdi32full.dll
0x00007ffcc2fc0000 - 0x00007ffcc305e000 	C:\WINDOWS\System32\msvcp_win.dll
0x00007ffcc3060000 - 0x00007ffcc315a000 	C:\WINDOWS\System32\ucrtbase.dll
0x00007ffcb34d0000 - 0x00007ffcb3755000 	C:\WINDOWS\WinSxS\amd64_microsoft.windows.common-controls_6595b64144ccf1df_6.0.18362.116_none_e6c4ac41130f2c3a\COMCTL32.dll
0x00007ffcc4920000 - 0x00007ffcc4c56000 	C:\WINDOWS\System32\combase.dll
0x00007ffcc2c30000 - 0x00007ffcc2cb1000 	C:\WINDOWS\System32\bcryptPrimitives.dll
0x00007ffcc44a0000 - 0x00007ffcc44ce000 	C:\WINDOWS\System32\IMM32.DLL
0x000000005fb30000 - 0x000000005fc02000 	C:\Program Files\Java\jre1.8.0_211\bin\msvcr100.dll
0x0000000060a60000 - 0x0000000061305000 	C:\Program Files\Java\jre1.8.0_211\bin\server\jvm.dll
0x00007ffcc33d0000 - 0x00007ffcc33d8000 	C:\WINDOWS\System32\PSAPI.DLL
0x00007ffcbe860000 - 0x00007ffcbe884000 	C:\WINDOWS\SYSTEM32\WINMM.dll
0x00007ffcb2620000 - 0x00007ffcb262a000 	C:\WINDOWS\SYSTEM32\VERSION.dll
0x00007ffcbe640000 - 0x00007ffcbe649000 	C:\WINDOWS\SYSTEM32\WSOCK32.dll
0x00007ffcc3c10000 - 0x00007ffcc3c7f000 	C:\WINDOWS\System32\WS2_32.dll
0x00007ffcbe750000 - 0x00007ffcbe77d000 	C:\WINDOWS\SYSTEM32\winmmbase.dll
0x00007ffcc2f70000 - 0x00007ffcc2fba000 	C:\WINDOWS\System32\cfgmgr32.dll
0x00007ffcbce80000 - 0x00007ffcbce8f000 	C:\Program Files\Java\jre1.8.0_211\bin\verify.dll
0x00007ffcb3090000 - 0x00007ffcb30b9000 	C:\Program Files\Java\jre1.8.0_211\bin\java.dll
0x00007ffcb32b0000 - 0x00007ffcb32e5000 	C:\Program Files\Java\jre1.8.0_211\bin\jdwp.dll
0x00007ffcbe6c0000 - 0x00007ffcbe6c8000 	C:\Program Files\Java\jre1.8.0_211\bin\npt.dll
0x00007ffcb2ee0000 - 0x00007ffcb2f03000 	C:\Program Files\Java\jre1.8.0_211\bin\instrument.dll
0x00007ffcb2ec0000 - 0x00007ffcb2ed6000 	C:\Program Files\Java\jre1.8.0_211\bin\zip.dll
0x00007ffcc33e0000 - 0x00007ffcc3ac0000 	C:\WINDOWS\System32\SHELL32.dll
0x00007ffcc4870000 - 0x00007ffcc4919000 	C:\WINDOWS\System32\shcore.dll
0x00007ffcc2200000 - 0x00007ffcc297a000 	C:\WINDOWS\System32\windows.storage.dll
0x00007ffcc2190000 - 0x00007ffcc21af000 	C:\WINDOWS\System32\profapi.dll
0x00007ffcc2120000 - 0x00007ffcc216a000 	C:\WINDOWS\System32\powrprof.dll
0x00007ffcc2110000 - 0x00007ffcc2120000 	C:\WINDOWS\System32\UMPDC.dll
0x00007ffcc3d30000 - 0x00007ffcc3d82000 	C:\WINDOWS\System32\shlwapi.dll
0x00007ffcc2170000 - 0x00007ffcc2181000 	C:\WINDOWS\System32\kernel.appcore.dll
0x00007ffcc2e70000 - 0x00007ffcc2e87000 	C:\WINDOWS\System32\cryptsp.dll
0x00007ffcbd970000 - 0x00007ffcbd979000 	C:\Program Files\Java\jre1.8.0_211\bin\dt_socket.dll
0x00007ffcaf140000 - 0x00007ffcaf156000 	C:\WINDOWS\system32\napinsp.dll
0x00007ffcaf100000 - 0x00007ffcaf11a000 	C:\WINDOWS\system32\pnrpnsp.dll
0x00007ffcc1980000 - 0x00007ffcc19e7000 	C:\WINDOWS\System32\mswsock.dll
0x00007ffcc1720000 - 0x00007ffcc17ea000 	C:\WINDOWS\SYSTEM32\DNSAPI.dll
0x00007ffcc4600000 - 0x00007ffcc4608000 	C:\WINDOWS\System32\NSI.dll
0x00007ffcc16e0000 - 0x00007ffcc171a000 	C:\WINDOWS\SYSTEM32\IPHLPAPI.DLL
0x00007ffcaf0b0000 - 0x00007ffcaf0be000 	C:\WINDOWS\System32\winrnr.dll
0x00007ffcbc680000 - 0x00007ffcbc69c000 	C:\WINDOWS\system32\NLAapi.dll
0x00007ffcbf8c0000 - 0x00007ffcbf8d5000 	C:\WINDOWS\system32\wshbth.dll
0x00007ffcbf170000 - 0x00007ffcbf1e7000 	C:\WINDOWS\System32\fwpuclnt.dll
0x00007ffcc2e90000 - 0x00007ffcc2eb6000 	C:\WINDOWS\System32\bcrypt.dll
0x00007ffcbc400000 - 0x00007ffcbc40a000 	C:\Windows\System32\rasadhlp.dll
0x00007ffcb2e20000 - 0x00007ffcb2e3a000 	C:\Program Files\Java\jre1.8.0_211\bin\net.dll
0x00007ffcb7180000 - 0x00007ffcb7354000 	C:\WINDOWS\SYSTEM32\urlmon.dll
0x00007ffcb84e0000 - 0x00007ffcb8786000 	C:\WINDOWS\SYSTEM32\iertutil.dll
0x00007ffcc1b50000 - 0x00007ffcc1b5c000 	C:\WINDOWS\SYSTEM32\CRYPTBASE.DLL
0x00007ffcb2e00000 - 0x00007ffcb2e12000 	C:\Program Files\Java\jre1.8.0_211\bin\nio.dll
0x00007ffcb22c0000 - 0x00007ffcb22cd000 	C:\Program Files\Java\jre1.8.0_211\bin\management.dll
0x00007ffcc1540000 - 0x00007ffcc1573000 	C:\WINDOWS\system32\rsaenh.dll
0x00007ffcc2030000 - 0x00007ffcc2055000 	C:\WINDOWS\SYSTEM32\USERENV.dll
0x00007ffcbeb40000 - 0x00007ffcbeb56000 	C:\WINDOWS\SYSTEM32\dhcpcsvc6.DLL
0x00007ffcbe970000 - 0x00007ffcbe98c000 	C:\WINDOWS\SYSTEM32\dhcpcsvc.DLL

VM Arguments:
jvm_args: -agentlib:jdwp=transport=dt_socket,suspend=y,address=localhost:50501 -ea -javaagent:C:\Users\haroll.mora\eclipse\jee-2019-03\eclipse\configuration\org.eclipse.osgi\409\0\.cp\lib\javaagent-shaded.jar -Dfile.encoding=Cp1252 
java_command: org.eclipse.jdt.internal.junit.runner.RemoteTestRunner -version 3 -port 50500 -testLoaderClass org.eclipse.jdt.internal.junit4.runner.JUnit4TestLoader -loaderpluginname org.eclipse.jdt.junit4.runtime -testNameFile C:\Users\HAROLL~1.MOR\AppData\Local\Temp\testNames1492945009166140801.txt
java_class_path (initial): C:\Users\haroll.mora\eclipse-workspace\estacionamientoCeibaHM\bin\main;C:\Users\haroll.mora\eclipse-workspace\estacionamientoCeibaHM\bin\test;C:\Users\haroll.mora\.gradle\caches\modules-2\files-2.1\org.springframework.boot\spring-boot-starter-data-jpa\2.1.5.RELEASE\f33f69b3744d07f832db6ab48eab227ccde9e922\spring-boot-starter-data-jpa-2.1.5.RELEASE.jar;C:\Users\haroll.mora\.gradle\caches\modules-2\files-2.1\org.springframework.boot\spring-boot-starter-web\2.1.5.RELEASE\d46494b46a626cbd8f253066a2d7413412efc908\spring-boot-starter-web-2.1.5.RELEASE.jar;C:\Users\haroll.mora\.gradle\caches\modules-2\files-2.1\org.mariadb.jdbc\mariadb-java-client\2.1.2\2484a99a6a86491531d17d491c931de8942ae0\mariadb-java-client-2.1.2.jar;C:\Users\haroll.mora\.gradle\caches\modules-2\files-2.1\io.springfox\springfox-swagger-ui\2.9.2\d542382a88ff3ea8d4032c28b2b0325797fada7d\springfox-swagger-ui-2.9.2.jar;C:\Users\haroll.mora\.gradle\caches\modules-2\files-2.1\io.springfox\springfox-swagger2\2.9.2\362676bc7f4c6f9f1d568741becab0dfc198c898\springfox-swagger2-2.9.2.jar;C:\Users\haroll.mora\.gradle\caches\modules-2\files-2.1\org.springframework.boot\spring-boot-starter-aop\2.1.5.RELEASE\464cfb573009e724ea76ca404f106b1b19e759ff\spring-boot-starter-aop-2.1.5.RELEASE.jar;C:\Users\haroll.mora\.gradle\caches\modules-2\files-2.1\org.springframework.boot\spring-boot-starter-jdbc\2.1.5.RELEASE\6f187e708a47b0d37552a01292ce649a97a0059d\spring-boot-starter-jdbc-2.1.5.RELEASE.jar;C:\Users\haroll.mora\.gradle\caches\modules-2\files-2.1\javax.transaction\javax.transaction-api\1.3\e006adf5cf3cca2181d16bd640ecb80148ec0fce\javax.transaction-api-1.3.jar;C:\Users\haroll.mora\.gradle\caches\modules-2\files-2.1\javax.xml.bind\jaxb-api\2.3.1\8531ad5ac454cc2deb9d4d32c40c4d7451939b5d\jaxb-api-2.3.1.jar;C:\Users\haroll.mora\.gradle\caches\modules-2\files-2.1\org.hibernate\hibernate-core\5.3.10.Final\e608b854325005edbf43cb2b6041fdafd3f2eb57\hibernate-core-5.3.10.Final.jar;C:\Users\haroll.mora\
Launcher Type: SUN_STANDARD

Environment Variables:
PATH=C:/Program Files/Java/jre1.8.0_211/bin/server;C:/Program Files/Java/jre1.8.0_211/bin;C:/Program Files/Java/jre1.8.0_211/lib/amd64;C:\Program Files (x86)\Common Files\Oracle\Java\javapath;C:\Oracle\product\12.2.0\client_1\bin;C:\Program Files (x86)\Intel\iCLS Client\;C:\Program Files\Intel\iCLS Client\;C:\Program Files\CollabNet\Subversion Client;C:\WINDOWS\system32;C:\WINDOWS;C:\WINDOWS\System32\Wbem;C:\WINDOWS\System32\WindowsPowerShell\v1.0\;C:\WINDOWS\System32\OpenSSH\;C:\Program Files\TortoiseSVN\bin;C:\Program Files (x86)\Intel\Intel(R) Management Engine Components\DAL;C:\Program Files\Intel\Intel(R) Management Engine Components\DAL;C:\Program Files (x86)\Intel\Intel(R) Management Engine Components\IPT;C:\Program Files\Intel\Intel(R) Management Engine Components\IPT;C:\Program Files\PuTTY\;C:\Program Files\Git\cmd;C:\Program Files\nodejs\;C:\Users\haroll.mora\AppData\Local\Microsoft\WindowsApps;C:\Users\haroll.mora\AppData\Local\Programs\Microsoft VS Code\bin;C:\Users\haroll.mora\AppData\Roaming\npm;C:\Users\haroll.mora\eclipse\jee-2019-03\eclipse;
USERNAME=haroll.mora
OS=Windows_NT
PROCESSOR_IDENTIFIER=Intel64 Family 6 Model 60 Stepping 3, GenuineIntel



---------------  S Y S T E M  ---------------

OS: Windows 10.0 , 64 bit Build 18362 (10.0.18362.86)

CPU:total 4 (initial active 4) (2 cores per cpu, 2 threads per core) family 6 model 60 stepping 3, cmov, cx8, fxsr, mmx, sse, sse2, sse3, ssse3, sse4.1, sse4.2, popcnt, avx, avx2, aes, clmul, erms, lzcnt, ht, tsc, tscinvbit, bmi1, bmi2

Memory: 4k page, physical 16680136k(4199548k free), swap 31825220k(8000k free)

vm_info: Java HotSpot(TM) 64-Bit Server VM (25.211-b12) for windows-amd64 JRE (1.8.0_211-b12), built on Apr  1 2019 20:53:26 by "java_re" with MS VC++ 10.0 (VS2010)

time: Tue Jun 18 10:34:14 2019
timezone: SA Pacific Standard Time
elapsed time: 149 seconds (0d 0h 2m 29s)

